06/12/2020 - 11:22:58 [main] INFO - com.oozeander.App => [Person(id=1, firstname=Billel, lastname=KETROUCI, age=24), Person(id=2, firstname=El Bakay, lastname=BOURAJOINI, age=27), Person(id=3, firstname=Meriem, lastname=KECHEROUD, age=25), Person(id=4, firstname=Océane, lastname=AKIYEMI, age=24)]
06/12/2020 - 11:22:58 [main] INFO - com.oozeander.App => Person(id=1, firstname=Oozeander, lastname=Billel KETROUCI, age=24)
06/12/2020 - 11:22:58 [main] INFO - com.oozeander.App => [Person(id=1, firstname=Oozeander, lastname=Billel KETROUCI, age=24), Person(id=2, firstname=El Bakay, lastname=BOURAJOINI, age=27), Person(id=3, firstname=Meriem, lastname=KECHEROUD, age=25)]
06/12/2020 - 11:22:58 [main] INFO - com.oozeander.App => [Student(id=1, identity=Identity(id=1, firstname=Billel, lastname=KETROUCI, age=24))]
06/12/2020 - 11:22:58 [main] INFO - com.oozeander.App => [Skill(id=1, name=JAVA, mark=16, student=Student(id=1, identity=Identity(id=1, firstname=Billel, lastname=KETROUCI, age=24))), Skill(id=2, name=Hibernate, mark=16, student=Student(id=1, identity=Identity(id=1, firstname=Billel, lastname=KETROUCI, age=24))), Skill(id=3, name=Spring, mark=14, student=Student(id=1, identity=Identity(id=1, firstname=Billel, lastname=KETROUCI, age=24))), Skill(id=4, name=Angular, mark=11, student=Student(id=1, identity=Identity(id=1, firstname=Billel, lastname=KETROUCI, age=24)))]
06/12/2020 - 11:22:58 [main] INFO - com.oozeander.App => [Professor(id=1, course=English, students=[Student(id=1, identity=Identity(id=1, firstname=Billel, lastname=KETROUCI, age=24))]), Professor(id=2, course=Japanese, students=[Student(id=1, identity=Identity(id=1, firstname=Billel, lastname=KETROUCI, age=24))])]
06/12/2020 - 11:25:00 [main] INFO - com.oozeander.App => [Person(id=1, firstname=Billel, lastname=KETROUCI, age=24), Person(id=2, firstname=El Bakay, lastname=BOURAJOINI, age=27), Person(id=3, firstname=Meriem, lastname=KECHEROUD, age=25), Person(id=4, firstname=Océane, lastname=AKIYEMI, age=24)]
06/12/2020 - 11:25:00 [main] INFO - com.oozeander.App => Person(id=1, firstname=Oozeander, lastname=Billel KETROUCI, age=24)
06/12/2020 - 11:25:00 [main] INFO - com.oozeander.App => [Person(id=1, firstname=Oozeander, lastname=Billel KETROUCI, age=24), Person(id=2, firstname=El Bakay, lastname=BOURAJOINI, age=27), Person(id=3, firstname=Meriem, lastname=KECHEROUD, age=25)]
06/12/2020 - 11:25:00 [main] INFO - com.oozeander.App => [Student(id=1, identity=Identity(id=1, firstname=Billel, lastname=KETROUCI, age=24))]
06/12/2020 - 11:25:00 [main] INFO - com.oozeander.App => [Skill(id=1, name=JAVA, mark=16, student=Student(id=1, identity=Identity(id=1, firstname=Billel, lastname=KETROUCI, age=24))), Skill(id=2, name=Hibernate, mark=16, student=Student(id=1, identity=Identity(id=1, firstname=Billel, lastname=KETROUCI, age=24))), Skill(id=3, name=Spring, mark=14, student=Student(id=1, identity=Identity(id=1, firstname=Billel, lastname=KETROUCI, age=24))), Skill(id=4, name=Angular, mark=11, student=Student(id=1, identity=Identity(id=1, firstname=Billel, lastname=KETROUCI, age=24)))]
06/12/2020 - 11:25:00 [main] INFO - com.oozeander.App => [Professor(id=1, course=English, students=[Student(id=1, identity=Identity(id=1, firstname=Billel, lastname=KETROUCI, age=24))]), Professor(id=2, course=Japanese, students=[Student(id=1, identity=Identity(id=1, firstname=Billel, lastname=KETROUCI, age=24))])]
06/12/2020 - 11:27:48 [main] INFO - com.oozeander.App => [Person(id=1, firstname=Billel, lastname=KETROUCI, age=24), Person(id=2, firstname=El Bakay, lastname=BOURAJOINI, age=27), Person(id=3, firstname=Meriem, lastname=KECHEROUD, age=25), Person(id=4, firstname=Océane, lastname=AKIYEMI, age=24)]
06/12/2020 - 11:27:48 [main] INFO - com.oozeander.App => Person(id=1, firstname=Oozeander, lastname=Billel KETROUCI, age=24)
06/12/2020 - 11:27:48 [main] INFO - com.oozeander.App => [Person(id=1, firstname=Oozeander, lastname=Billel KETROUCI, age=24), Person(id=2, firstname=El Bakay, lastname=BOURAJOINI, age=27), Person(id=3, firstname=Meriem, lastname=KECHEROUD, age=25)]
06/12/2020 - 11:27:48 [main] INFO - com.oozeander.App => [Student(id=1, identity=Identity(id=1, firstname=Billel, lastname=KETROUCI, age=24))]
06/12/2020 - 11:27:48 [main] INFO - com.oozeander.App => [Skill(id=1, name=JAVA, mark=16, student=Student(id=1, identity=Identity(id=1, firstname=Billel, lastname=KETROUCI, age=24))), Skill(id=2, name=Hibernate, mark=16, student=Student(id=1, identity=Identity(id=1, firstname=Billel, lastname=KETROUCI, age=24))), Skill(id=3, name=Spring, mark=14, student=Student(id=1, identity=Identity(id=1, firstname=Billel, lastname=KETROUCI, age=24))), Skill(id=4, name=Angular, mark=11, student=Student(id=1, identity=Identity(id=1, firstname=Billel, lastname=KETROUCI, age=24)))]
06/12/2020 - 11:27:48 [main] INFO - com.oozeander.App => [Professor(id=1, course=English, students=[Student(id=1, identity=Identity(id=1, firstname=Billel, lastname=KETROUCI, age=24))]), Professor(id=2, course=Japanese, students=[Student(id=1, identity=Identity(id=1, firstname=Billel, lastname=KETROUCI, age=24))])]
06/12/2020 - 11:46:46 [main] INFO - com.oozeander.App => [Person(id=1, firstname=Billel, lastname=KETROUCI, age=24), Person(id=2, firstname=El Bakay, lastname=BOURAJOINI, age=27), Person(id=3, firstname=Meriem, lastname=KECHEROUD, age=25), Person(id=4, firstname=Océane, lastname=AKIYEMI, age=24)]
06/12/2020 - 11:46:46 [main] INFO - com.oozeander.App => Person(id=1, firstname=Oozeander, lastname=Billel KETROUCI, age=24)
06/12/2020 - 11:46:46 [main] INFO - com.oozeander.App => [Person(id=1, firstname=Oozeander, lastname=Billel KETROUCI, age=24), Person(id=2, firstname=El Bakay, lastname=BOURAJOINI, age=27), Person(id=3, firstname=Meriem, lastname=KECHEROUD, age=25)]
06/12/2020 - 11:46:46 [main] INFO - com.oozeander.App => [Student(id=1, identity=Identity(id=1, firstname=Billel, lastname=KETROUCI, age=24))]
06/12/2020 - 11:46:46 [main] INFO - com.oozeander.App => [Skill(id=1, name=Java, mark=16, student=Student(id=1, identity=Identity(id=1, firstname=Billel, lastname=KETROUCI, age=24))), Skill(id=2, name=Hibernate, mark=16, student=Student(id=1, identity=Identity(id=1, firstname=Billel, lastname=KETROUCI, age=24))), Skill(id=3, name=Spring, mark=14, student=Student(id=1, identity=Identity(id=1, firstname=Billel, lastname=KETROUCI, age=24))), Skill(id=4, name=Angular, mark=11, student=Student(id=1, identity=Identity(id=1, firstname=Billel, lastname=KETROUCI, age=24)))]
06/12/2020 - 11:46:46 [main] INFO - com.oozeander.App => [Professor(id=1, course=English, students=[Student(id=1, identity=Identity(id=1, firstname=Billel, lastname=KETROUCI, age=24))]), Professor(id=2, course=Japanese, students=[Student(id=1, identity=Identity(id=1, firstname=Billel, lastname=KETROUCI, age=24))])]
06/12/2020 - 11:51:01 [main] INFO - com.oozeander.App => [Person(id=1, firstname=Billel, lastname=KETROUCI, age=24), Person(id=2, firstname=El Bakay, lastname=BOURAJOINI, age=27), Person(id=3, firstname=Meriem, lastname=KECHEROUD, age=25), Person(id=4, firstname=Océane, lastname=AKIYEMI, age=24)]
06/12/2020 - 11:51:01 [main] INFO - com.oozeander.App => Person(id=1, firstname=Oozeander, lastname=Billel KETROUCI, age=24)
06/12/2020 - 11:51:01 [main] INFO - com.oozeander.App => [Person(id=1, firstname=Oozeander, lastname=Billel KETROUCI, age=24), Person(id=2, firstname=El Bakay, lastname=BOURAJOINI, age=27), Person(id=3, firstname=Meriem, lastname=KECHEROUD, age=25)]
06/12/2020 - 11:51:01 [main] INFO - com.oozeander.App => [Student(id=1, identity=Identity(id=1, firstname=Billel, lastname=KETROUCI, age=24))]
06/12/2020 - 11:51:01 [main] INFO - com.oozeander.App => [Skill(id=1, name=Java, mark=16, student=Student(id=1, identity=Identity(id=1, firstname=Billel, lastname=KETROUCI, age=24))), Skill(id=2, name=Hibernate, mark=16, student=Student(id=1, identity=Identity(id=1, firstname=Billel, lastname=KETROUCI, age=24))), Skill(id=3, name=Spring, mark=14, student=Student(id=1, identity=Identity(id=1, firstname=Billel, lastname=KETROUCI, age=24))), Skill(id=4, name=Angular, mark=11, student=Student(id=1, identity=Identity(id=1, firstname=Billel, lastname=KETROUCI, age=24)))]
06/12/2020 - 11:51:01 [main] INFO - com.oozeander.App => [Professor(id=1, course=English, students=[Student(id=1, identity=Identity(id=1, firstname=Billel, lastname=KETROUCI, age=24))]), Professor(id=2, course=Japanese, students=[Student(id=1, identity=Identity(id=1, firstname=Billel, lastname=KETROUCI, age=24))])]
06/12/2020 - 11:51:01 [main] INFO - com.oozeander.App => [User(id=1, emails=[billel.ketrouci@soprasteria.com, billel.ketrouci@gmail.com, billel.ketrouci@outlook.fr], skills=[Skill(id=5, name=Java, mark=16, student=null), Skill(id=6, name=Angular, mark=11, student=null)], gender=MALE, skillAndMark={Java=16, Angular=11})]
06/12/2020 - 11:51:07 [main] INFO - com.oozeander.App => [Person(id=1, firstname=Billel, lastname=KETROUCI, age=24), Person(id=2, firstname=El Bakay, lastname=BOURAJOINI, age=27), Person(id=3, firstname=Meriem, lastname=KECHEROUD, age=25), Person(id=4, firstname=Océane, lastname=AKIYEMI, age=24)]
06/12/2020 - 11:51:07 [main] INFO - com.oozeander.App => Person(id=1, firstname=Oozeander, lastname=Billel KETROUCI, age=24)
06/12/2020 - 11:51:07 [main] INFO - com.oozeander.App => [Person(id=1, firstname=Oozeander, lastname=Billel KETROUCI, age=24), Person(id=2, firstname=El Bakay, lastname=BOURAJOINI, age=27), Person(id=3, firstname=Meriem, lastname=KECHEROUD, age=25)]
06/12/2020 - 11:51:07 [main] INFO - com.oozeander.App => [Student(id=1, identity=Identity(id=1, firstname=Billel, lastname=KETROUCI, age=24))]
06/12/2020 - 11:51:07 [main] INFO - com.oozeander.App => [Skill(id=1, name=Java, mark=16, student=Student(id=1, identity=Identity(id=1, firstname=Billel, lastname=KETROUCI, age=24))), Skill(id=2, name=Hibernate, mark=16, student=Student(id=1, identity=Identity(id=1, firstname=Billel, lastname=KETROUCI, age=24))), Skill(id=3, name=Spring, mark=14, student=Student(id=1, identity=Identity(id=1, firstname=Billel, lastname=KETROUCI, age=24))), Skill(id=4, name=Angular, mark=11, student=Student(id=1, identity=Identity(id=1, firstname=Billel, lastname=KETROUCI, age=24)))]
06/12/2020 - 11:51:07 [main] INFO - com.oozeander.App => [Professor(id=1, course=English, students=[Student(id=1, identity=Identity(id=1, firstname=Billel, lastname=KETROUCI, age=24))]), Professor(id=2, course=Japanese, students=[Student(id=1, identity=Identity(id=1, firstname=Billel, lastname=KETROUCI, age=24))])]
06/12/2020 - 11:51:07 [main] INFO - com.oozeander.App => [User(id=1, emails=[billel.ketrouci@soprasteria.com, billel.ketrouci@gmail.com, billel.ketrouci@outlook.fr], skills=[Skill(id=5, name=Java, mark=16, student=null), Skill(id=6, name=Angular, mark=11, student=null)], gender=MALE, skillAndMark={Java=16, Angular=11})]
06/12/2020 - 12:16:32 [main] INFO - com.oozeander.App => [Person(id=1, firstname=Billel, lastname=KETROUCI, age=24), Person(id=2, firstname=El Bakay, lastname=BOURAJOINI, age=27), Person(id=3, firstname=Meriem, lastname=KECHEROUD, age=25), Person(id=4, firstname=Océane, lastname=AKIYEMI, age=24)]
06/12/2020 - 12:16:32 [main] INFO - com.oozeander.App => Person(id=1, firstname=Oozeander, lastname=Billel KETROUCI, age=24)
06/12/2020 - 12:16:32 [main] INFO - com.oozeander.App => [Person(id=1, firstname=Oozeander, lastname=Billel KETROUCI, age=24), Person(id=2, firstname=El Bakay, lastname=BOURAJOINI, age=27), Person(id=3, firstname=Meriem, lastname=KECHEROUD, age=25)]
06/12/2020 - 12:16:32 [main] INFO - com.oozeander.App => [Student(id=1, identity=Identity(id=1, firstname=Billel, lastname=KETROUCI, age=24))]
06/12/2020 - 12:16:32 [main] INFO - com.oozeander.App => [Skill(id=1, name=Java, mark=16, student=Student(id=1, identity=Identity(id=1, firstname=Billel, lastname=KETROUCI, age=24))), Skill(id=2, name=Hibernate, mark=16, student=Student(id=1, identity=Identity(id=1, firstname=Billel, lastname=KETROUCI, age=24))), Skill(id=3, name=Spring, mark=14, student=Student(id=1, identity=Identity(id=1, firstname=Billel, lastname=KETROUCI, age=24))), Skill(id=4, name=Angular, mark=11, student=Student(id=1, identity=Identity(id=1, firstname=Billel, lastname=KETROUCI, age=24)))]
06/12/2020 - 12:16:32 [main] INFO - com.oozeander.App => [Professor(id=1, course=English, students=[Student(id=1, identity=Identity(id=1, firstname=Billel, lastname=KETROUCI, age=24))]), Professor(id=2, course=Japanese, students=[Student(id=1, identity=Identity(id=1, firstname=Billel, lastname=KETROUCI, age=24))])]
06/12/2020 - 12:16:32 [main] INFO - com.oozeander.App => [User(id=1, emails=[billel.ketrouci@soprasteria.com, billel.ketrouci@gmail.com, billel.ketrouci@outlook.fr], skills=[Skill(id=5, name=Java, mark=16, student=null), Skill(id=6, name=Angular, mark=11, student=null)], gender=MALE, skillAndMark={Java=16, Angular=11})]
06/12/2020 - 12:16:32 [main] INFO - com.oozeander.App => null
06/12/2020 - 12:16:32 [main] INFO - com.oozeander.App => Gamer(id=GamerId(id=11706818, username=Oozeander, password=XXXXXXXXX), information=GamerInformation(ownedGames=[Rocket League, Dark Souls 2, Tales Of Berseria, MGS V : The Phantom Pain, DB FighterZ]))
06/12/2020 - 12:19:14 [main] INFO - com.oozeander.App => [Person(id=1, firstname=Billel, lastname=KETROUCI, age=24), Person(id=2, firstname=El Bakay, lastname=BOURAJOINI, age=27), Person(id=3, firstname=Meriem, lastname=KECHEROUD, age=25), Person(id=4, firstname=Océane, lastname=AKIYEMI, age=24)]
06/12/2020 - 12:19:14 [main] INFO - com.oozeander.App => Person(id=1, firstname=Oozeander, lastname=Billel KETROUCI, age=24)
06/12/2020 - 12:19:14 [main] INFO - com.oozeander.App => [Person(id=1, firstname=Oozeander, lastname=Billel KETROUCI, age=24), Person(id=2, firstname=El Bakay, lastname=BOURAJOINI, age=27), Person(id=3, firstname=Meriem, lastname=KECHEROUD, age=25)]
06/12/2020 - 12:19:14 [main] INFO - com.oozeander.App => [Student(id=1, identity=Identity(id=1, firstname=Billel, lastname=KETROUCI, age=24))]
06/12/2020 - 12:19:14 [main] INFO - com.oozeander.App => [Skill(id=1, name=Java, mark=16, student=Student(id=1, identity=Identity(id=1, firstname=Billel, lastname=KETROUCI, age=24))), Skill(id=2, name=Hibernate, mark=16, student=Student(id=1, identity=Identity(id=1, firstname=Billel, lastname=KETROUCI, age=24))), Skill(id=3, name=Spring, mark=14, student=Student(id=1, identity=Identity(id=1, firstname=Billel, lastname=KETROUCI, age=24))), Skill(id=4, name=Angular, mark=11, student=Student(id=1, identity=Identity(id=1, firstname=Billel, lastname=KETROUCI, age=24)))]
06/12/2020 - 12:19:14 [main] INFO - com.oozeander.App => [Professor(id=1, course=English, students=[Student(id=1, identity=Identity(id=1, firstname=Billel, lastname=KETROUCI, age=24))]), Professor(id=2, course=Japanese, students=[Student(id=1, identity=Identity(id=1, firstname=Billel, lastname=KETROUCI, age=24))])]
06/12/2020 - 12:19:14 [main] INFO - com.oozeander.App => [User(id=1, emails=[billel.ketrouci@soprasteria.com, billel.ketrouci@gmail.com, billel.ketrouci@outlook.fr], skills=[Skill(id=5, name=Java, mark=16, student=null), Skill(id=6, name=Angular, mark=11, student=null)], gender=MALE, skillAndMark={Java=16, Angular=11})]
06/12/2020 - 12:19:14 [main] INFO - com.oozeander.App => null
06/12/2020 - 12:19:14 [main] INFO - com.oozeander.App => Gamer(id=GamerId(id=11706818, username=Oozeander, password=XXXXXXXXX), information=GamerInformation(ownedGames=[Rocket League, Dark Souls 2, Tales Of Berseria, MGS V : The Phantom Pain, DB FighterZ]))
06/12/2020 - 12:25:20 [main] INFO - com.oozeander.App => [Person(id=1, firstname=Billel, lastname=KETROUCI, age=24), Person(id=2, firstname=El Bakay, lastname=BOURAJOINI, age=27), Person(id=3, firstname=Meriem, lastname=KECHEROUD, age=25), Person(id=4, firstname=Océane, lastname=AKIYEMI, age=24)]
06/12/2020 - 12:25:20 [main] INFO - com.oozeander.App => Person(id=1, firstname=Oozeander, lastname=Billel KETROUCI, age=24)
06/12/2020 - 12:25:20 [main] INFO - com.oozeander.App => [Person(id=1, firstname=Oozeander, lastname=Billel KETROUCI, age=24), Person(id=2, firstname=El Bakay, lastname=BOURAJOINI, age=27), Person(id=3, firstname=Meriem, lastname=KECHEROUD, age=25)]
06/12/2020 - 12:25:20 [main] INFO - com.oozeander.App => [Student(id=1, identity=Identity(id=1, firstname=Billel, lastname=KETROUCI, age=24))]
06/12/2020 - 12:25:20 [main] INFO - com.oozeander.App => [Skill(id=1, name=Java, mark=16, student=Student(id=1, identity=Identity(id=1, firstname=Billel, lastname=KETROUCI, age=24))), Skill(id=2, name=Hibernate, mark=16, student=Student(id=1, identity=Identity(id=1, firstname=Billel, lastname=KETROUCI, age=24))), Skill(id=3, name=Spring, mark=14, student=Student(id=1, identity=Identity(id=1, firstname=Billel, lastname=KETROUCI, age=24))), Skill(id=4, name=Angular, mark=11, student=Student(id=1, identity=Identity(id=1, firstname=Billel, lastname=KETROUCI, age=24)))]
06/12/2020 - 12:25:20 [main] INFO - com.oozeander.App => [Professor(id=1, course=English, students=[Student(id=1, identity=Identity(id=1, firstname=Billel, lastname=KETROUCI, age=24))]), Professor(id=2, course=Japanese, students=[Student(id=1, identity=Identity(id=1, firstname=Billel, lastname=KETROUCI, age=24))])]
06/12/2020 - 12:25:20 [main] INFO - com.oozeander.App => [User(id=1, emails=[billel.ketrouci@soprasteria.com, billel.ketrouci@gmail.com, billel.ketrouci@outlook.fr], skills=[Skill(id=5, name=Java, mark=16, student=null), Skill(id=6, name=Angular, mark=11, student=null)], gender=MALE, skillAndMark={Java=16, Angular=11})]
06/12/2020 - 12:25:20 [main] INFO - com.oozeander.App => null
06/12/2020 - 12:25:20 [main] INFO - com.oozeander.App => Gamer(id=GamerId(id=11706818, username=Oozeander, password=XXXXXXXXX), information=GamerInformation(ownedGames=[Rocket League, Dark Souls 2, Tales Of Berseria, MGS V : The Phantom Pain, DB FighterZ]))
06/12/2020 - 12:29:37 [main] INFO - com.oozeander.App => [Person(id=1, firstname=Billel, lastname=KETROUCI, age=24), Person(id=2, firstname=El Bakay, lastname=BOURAJOINI, age=27), Person(id=3, firstname=Meriem, lastname=KECHEROUD, age=25), Person(id=4, firstname=Océane, lastname=AKIYEMI, age=24)]
06/12/2020 - 12:29:38 [main] INFO - com.oozeander.App => Person(id=1, firstname=Oozeander, lastname=Billel KETROUCI, age=24)
06/12/2020 - 12:29:38 [main] INFO - com.oozeander.App => [Person(id=1, firstname=Oozeander, lastname=Billel KETROUCI, age=24), Person(id=2, firstname=El Bakay, lastname=BOURAJOINI, age=27), Person(id=3, firstname=Meriem, lastname=KECHEROUD, age=25)]
06/12/2020 - 12:29:38 [main] INFO - com.oozeander.App => [Student(id=1, identity=Identity(id=1, firstname=Billel, lastname=KETROUCI, age=24))]
06/12/2020 - 12:29:38 [main] INFO - com.oozeander.App => [Skill(id=1, name=Java, mark=16, student=Student(id=1, identity=Identity(id=1, firstname=Billel, lastname=KETROUCI, age=24))), Skill(id=2, name=Hibernate, mark=16, student=Student(id=1, identity=Identity(id=1, firstname=Billel, lastname=KETROUCI, age=24))), Skill(id=3, name=Spring, mark=14, student=Student(id=1, identity=Identity(id=1, firstname=Billel, lastname=KETROUCI, age=24))), Skill(id=4, name=Angular, mark=11, student=Student(id=1, identity=Identity(id=1, firstname=Billel, lastname=KETROUCI, age=24)))]
06/12/2020 - 12:29:38 [main] INFO - com.oozeander.App => [Professor(id=1, course=English, students=[Student(id=1, identity=Identity(id=1, firstname=Billel, lastname=KETROUCI, age=24))]), Professor(id=2, course=Japanese, students=[Student(id=1, identity=Identity(id=1, firstname=Billel, lastname=KETROUCI, age=24))])]
06/12/2020 - 12:29:38 [main] INFO - com.oozeander.App => [User(id=1, emails=[billel.ketrouci@soprasteria.com, billel.ketrouci@gmail.com, billel.ketrouci@outlook.fr], skills=[Skill(id=5, name=Java, mark=16, student=null), Skill(id=6, name=Angular, mark=11, student=null)], gender=MALE, skillAndMark={Java=16, Angular=11})]
06/12/2020 - 12:29:38 [main] INFO - com.oozeander.App => null
06/12/2020 - 12:29:38 [main] INFO - com.oozeander.App => Gamer(id=GamerId(id=11706818, username=Oozeander, password=XXXXXXXXX), information=GamerInformation(ownedGames=[Rocket League, Dark Souls 2, Tales Of Berseria, MGS V : The Phantom Pain, DB FighterZ]))
06/12/2020 - 12:29:38 [main] INFO - com.oozeander.App => [SteamAccount(numberOfSteamGames=2), EpicGamesAccount(numberOfGames=1)]
06/12/2020 - 12:30:03 [main] INFO - com.oozeander.App => [Person(id=1, firstname=Billel, lastname=KETROUCI, age=24), Person(id=2, firstname=El Bakay, lastname=BOURAJOINI, age=27), Person(id=3, firstname=Meriem, lastname=KECHEROUD, age=25), Person(id=4, firstname=Océane, lastname=AKIYEMI, age=24)]
06/12/2020 - 12:30:03 [main] INFO - com.oozeander.App => Person(id=1, firstname=Oozeander, lastname=Billel KETROUCI, age=24)
06/12/2020 - 12:30:03 [main] INFO - com.oozeander.App => [Person(id=1, firstname=Oozeander, lastname=Billel KETROUCI, age=24), Person(id=2, firstname=El Bakay, lastname=BOURAJOINI, age=27), Person(id=3, firstname=Meriem, lastname=KECHEROUD, age=25)]
06/12/2020 - 12:30:03 [main] INFO - com.oozeander.App => [Student(id=1, identity=Identity(id=1, firstname=Billel, lastname=KETROUCI, age=24))]
06/12/2020 - 12:30:03 [main] INFO - com.oozeander.App => [Skill(id=1, name=Java, mark=16, student=Student(id=1, identity=Identity(id=1, firstname=Billel, lastname=KETROUCI, age=24))), Skill(id=2, name=Hibernate, mark=16, student=Student(id=1, identity=Identity(id=1, firstname=Billel, lastname=KETROUCI, age=24))), Skill(id=3, name=Spring, mark=14, student=Student(id=1, identity=Identity(id=1, firstname=Billel, lastname=KETROUCI, age=24))), Skill(id=4, name=Angular, mark=11, student=Student(id=1, identity=Identity(id=1, firstname=Billel, lastname=KETROUCI, age=24)))]
06/12/2020 - 12:30:03 [main] INFO - com.oozeander.App => [Professor(id=1, course=English, students=[Student(id=1, identity=Identity(id=1, firstname=Billel, lastname=KETROUCI, age=24))]), Professor(id=2, course=Japanese, students=[Student(id=1, identity=Identity(id=1, firstname=Billel, lastname=KETROUCI, age=24))])]
06/12/2020 - 12:30:03 [main] INFO - com.oozeander.App => [User(id=1, emails=[billel.ketrouci@soprasteria.com, billel.ketrouci@gmail.com, billel.ketrouci@outlook.fr], skills=[Skill(id=5, name=Java, mark=16, student=null), Skill(id=6, name=Angular, mark=11, student=null)], gender=MALE, skillAndMark={Java=16, Angular=11})]
06/12/2020 - 12:30:03 [main] INFO - com.oozeander.App => null
06/12/2020 - 12:30:03 [main] INFO - com.oozeander.App => Gamer(id=GamerId(id=11706818, username=Oozeander, password=XXXXXXXXX), information=GamerInformation(ownedGames=[Rocket League, Dark Souls 2, Tales Of Berseria, MGS V : The Phantom Pain, DB FighterZ]))
06/12/2020 - 12:30:03 [main] INFO - com.oozeander.App => [SteamAccount(numberOfSteamGames=2), EpicGamesAccount(numberOfGames=1)]
06/12/2020 - 12:38:34 [main] INFO - com.oozeander.App => [Person(id=1, firstname=Billel, lastname=KETROUCI, age=24), Person(id=2, firstname=El Bakay, lastname=BOURAJOINI, age=27), Person(id=3, firstname=Meriem, lastname=KECHEROUD, age=25), Person(id=4, firstname=Océane, lastname=AKIYEMI, age=24)]
06/12/2020 - 12:38:34 [main] INFO - com.oozeander.App => Person(id=1, firstname=Oozeander, lastname=Billel KETROUCI, age=24)
06/12/2020 - 12:38:34 [main] INFO - com.oozeander.App => [Person(id=1, firstname=Oozeander, lastname=Billel KETROUCI, age=24), Person(id=2, firstname=El Bakay, lastname=BOURAJOINI, age=27), Person(id=3, firstname=Meriem, lastname=KECHEROUD, age=25)]
06/12/2020 - 12:38:34 [main] INFO - com.oozeander.App => [Student(id=1, identity=Identity(id=1, firstname=Billel, lastname=KETROUCI, age=24))]
06/12/2020 - 12:38:34 [main] INFO - com.oozeander.App => [Skill(id=1, name=Java, mark=16, student=Student(id=1, identity=Identity(id=1, firstname=Billel, lastname=KETROUCI, age=24))), Skill(id=2, name=Hibernate, mark=16, student=Student(id=1, identity=Identity(id=1, firstname=Billel, lastname=KETROUCI, age=24))), Skill(id=3, name=Spring, mark=14, student=Student(id=1, identity=Identity(id=1, firstname=Billel, lastname=KETROUCI, age=24))), Skill(id=4, name=Angular, mark=11, student=Student(id=1, identity=Identity(id=1, firstname=Billel, lastname=KETROUCI, age=24)))]
06/12/2020 - 12:38:34 [main] INFO - com.oozeander.App => [Professor(id=1, course=English, students=[Student(id=1, identity=Identity(id=1, firstname=Billel, lastname=KETROUCI, age=24))]), Professor(id=2, course=Japanese, students=[Student(id=1, identity=Identity(id=1, firstname=Billel, lastname=KETROUCI, age=24))])]
06/12/2020 - 12:38:34 [main] INFO - com.oozeander.App => [User(id=1, emails=[billel.ketrouci@soprasteria.com, billel.ketrouci@gmail.com, billel.ketrouci@outlook.fr], skills=[Skill(id=5, name=Java, mark=16, student=null), Skill(id=6, name=Angular, mark=11, student=null)], gender=MALE, skillAndMark={Java=16, Angular=11})]
06/12/2020 - 12:38:34 [main] INFO - com.oozeander.App => null
06/12/2020 - 12:38:34 [main] INFO - com.oozeander.App => Gamer(id=GamerId(id=11706818, username=Oozeander, password=XXXXXXXXX), information=GamerInformation(ownedGames=[Rocket League, Dark Souls 2, Tales Of Berseria, MGS V : The Phantom Pain, DB FighterZ]))
06/12/2020 - 12:38:34 [main] INFO - com.oozeander.App => [SteamAccount(numberOfSteamGames=2), EpicGamesAccount(numberOfGames=1)]
06/12/2020 - 12:40:23 [main] INFO - com.oozeander.App => [Person(id=1, firstname=Billel, lastname=KETROUCI, age=24), Person(id=2, firstname=El Bakay, lastname=BOURAJOINI, age=27), Person(id=3, firstname=Meriem, lastname=KECHEROUD, age=25), Person(id=4, firstname=Océane, lastname=AKIYEMI, age=24)]
06/12/2020 - 12:40:23 [main] INFO - com.oozeander.App => Person(id=1, firstname=Oozeander, lastname=Billel KETROUCI, age=24)
06/12/2020 - 12:40:23 [main] INFO - com.oozeander.App => [Person(id=1, firstname=Oozeander, lastname=Billel KETROUCI, age=24), Person(id=2, firstname=El Bakay, lastname=BOURAJOINI, age=27), Person(id=3, firstname=Meriem, lastname=KECHEROUD, age=25)]
06/12/2020 - 12:40:23 [main] INFO - com.oozeander.App => [Student(id=1, identity=Identity(id=1, firstname=Billel, lastname=KETROUCI, age=24))]
06/12/2020 - 12:40:23 [main] INFO - com.oozeander.App => [Skill(id=1, name=Java, mark=16, student=Student(id=1, identity=Identity(id=1, firstname=Billel, lastname=KETROUCI, age=24))), Skill(id=2, name=Hibernate, mark=16, student=Student(id=1, identity=Identity(id=1, firstname=Billel, lastname=KETROUCI, age=24))), Skill(id=3, name=Spring, mark=14, student=Student(id=1, identity=Identity(id=1, firstname=Billel, lastname=KETROUCI, age=24))), Skill(id=4, name=Angular, mark=11, student=Student(id=1, identity=Identity(id=1, firstname=Billel, lastname=KETROUCI, age=24)))]
06/12/2020 - 12:40:23 [main] INFO - com.oozeander.App => [Professor(id=1, course=English, students=[Student(id=1, identity=Identity(id=1, firstname=Billel, lastname=KETROUCI, age=24))]), Professor(id=2, course=Japanese, students=[Student(id=1, identity=Identity(id=1, firstname=Billel, lastname=KETROUCI, age=24))])]
06/12/2020 - 12:40:23 [main] INFO - com.oozeander.App => [User(id=1, emails=[billel.ketrouci@soprasteria.com, billel.ketrouci@gmail.com, billel.ketrouci@outlook.fr], skills=[Skill(id=5, name=Java, mark=16, student=null), Skill(id=6, name=Angular, mark=11, student=null)], gender=MALE, skillAndMark={Java=16, Angular=11})]
06/12/2020 - 12:40:23 [main] INFO - com.oozeander.App => null
06/12/2020 - 12:40:23 [main] INFO - com.oozeander.App => Gamer(id=GamerId(id=11706818, username=Oozeander, password=XXXXXXXXX), information=GamerInformation(ownedGames=[Rocket League, Dark Souls 2, Tales Of Berseria, MGS V : The Phantom Pain, DB FighterZ]))
06/12/2020 - 12:40:23 [main] INFO - com.oozeander.App => [SteamAccount(numberOfSteamGames=2), EpicGamesAccount(numberOfGames=1)]
06/12/2020 - 12:40:23 [main] INFO - com.oozeander.App => Subscriber(id=1, firstname=Billel, lastname=KETROUCI, avatar=Avatar(fileName=meuf.jpg, fileType=jpg, fileSize=242 Ko, fileData=org.postgresql.jdbc.PgBlob@59096b66))
